<?xml version="1.0" encoding="UTF-8"?><testsuite errors="0" failures="1" name="Agendar cita" skipped="0" tests="1" time="26.93" timestamp="2025-05-29 04:50:36"><testcase name="Agendamiento de cita exitoso"><failure message="Expected enabled element was not enabled" type="net.thucydides.core.webdriver.exceptions.ElementShouldBeEnabledException">Expected enabled element was not enabled</failure><system-err>Expected enabled element was not enabled&#13;
com.katalon.herokuapp.tasks.AgendarCita.performAs(AgendarCita.java:22)&#13;
com.katalon.herokuapp.stepDefinitions.AgendarCitaStepDefinition.cuandoCompleteLosCamposDelFormularioDeAgendamientoDeCitasRealiceClicEnElBotonDeReservaDeCita(AgendarCitaStepDefinition.java:45)&#13;
cucumber.runner.Runner.runPickle(Runner.java:80)&#13;
</system-err></testcase></testsuite>